<?xml version="1.0" encoding="UTF-8"?>
<!-- Generated by org.testng.reporters.JUnitReportReporter -->
<testsuite skipped="0" hostname="DESKTOP-7IHRSOT" name="Runners.TestNgRunner" tests="1" failures="1" timestamp="2021-11-12T09:52:48 IST" time="12.626" errors="0">
  <testcase name="runScenario" time="12.626" classname="Runners.TestNgRunner">
    <failure type="java.lang.AssertionError" message="expected [Google Search - Google Search] but found [My Title]">
      <![CDATA[java.lang.AssertionError: expected [Google Search - Google Search] but found [My Title]
at org.testng.Assert.fail(Assert.java:97)
at org.testng.Assert.assertEqualsImpl(Assert.java:136)
at org.testng.Assert.assertEquals(Assert.java:118)
at org.testng.Assert.assertEquals(Assert.java:575)
at org.testng.Assert.assertEquals(Assert.java:585)
at Steps.Steps.i_search_the_keyword_in_google_step(Steps.java:41)
at ✽.I search the "Google Search" in google step(file:///C:/Users/Dell/Downloads/Cucumber-ExtentReport4-master/src/test/java/Features/Google.feature:7)
]]>
    </failure>
  </testcase> <!-- runScenario -->
  <system-out/>
</testsuite> <!-- Runners.TestNgRunner -->
